<?xml version="1.0" encoding="UTF-8"?>
<!-- Generated by org.testng.reporters.JUnitReportReporter -->
<testsuite hostname="DESKTOP-BKCA13N" failures="0" tests="2" name="com.ecommerceTesting.tests.LandingPageTest" time="24.535" errors="0" timestamp="2025-03-13T13:00:16 IST" skipped="0">
  <testcase classname="com.ecommerceTesting.tests.LandingPageTest" name="testHomePageVisible" time="9.072"/>
  <testcase classname="com.ecommerceTesting.tests.LandingPageTest" name="testSubscription" time="15.463"/>
</testsuite> <!-- com.ecommerceTesting.tests.LandingPageTest -->
