<?xml version="1.0" encoding="UTF-8"?>
<!-- Generated by org.testng.reporters.JUnitReportReporter -->
<testsuite hostname="DESKTOP-BKCA13N" failures="0" tests="1" name="ecommercetesting.tests.ContactUsTest" time="9.849" errors="0" timestamp="2025-03-11T11:29:54 IST" skipped="0">
  <testcase classname="ecommercetesting.tests.ContactUsTest" name="testContactUs" time="9.849"/>
  <system-out/>
</testsuite> <!-- ecommercetesting.tests.ContactUsTest -->
