<?xml version="1.0" encoding="UTF-8"?>
<!-- Generated by org.testng.reporters.JUnitReportReporter -->
<testsuite hostname="DESKTOP-BKCA13N" failures="0" tests="2" name="ecommercetesting.tests.CartTest" time="9.411" errors="0" timestamp="2025-03-11T11:29:54 IST" skipped="1">
  <testcase classname="ecommercetesting.tests.CartTest" name="verifyCart" time="9.411"/>
  <system-out/>
  <testcase classname="ecommercetesting.tests.CartTest" name="testAddToCart">
    <skipped/>
  </testcase> <!-- testAddToCart -->
  <system-out/>
</testsuite> <!-- ecommercetesting.tests.CartTest -->
