<?xml version="1.0" encoding="UTF-8"?>
<!-- Generated by org.testng.reporters.JUnitReportReporter -->
<testsuite hostname="DESKTOP-BKCA13N" failures="0" tests="2" name="com.ecommerceTesting.tests.CartTest" time="42.005" errors="0" timestamp="2025-03-13T13:00:16 IST" skipped="0">
  <testcase classname="com.ecommerceTesting.tests.CartTest" name="verifyCart" time="18.750"/>
  <testcase classname="com.ecommerceTesting.tests.CartTest" name="testAddToCart" time="23.255"/>
</testsuite> <!-- com.ecommerceTesting.tests.CartTest -->
