<?xml version="1.0" encoding="UTF-8"?>
<!-- Generated by org.testng.reporters.JUnitReportReporter -->
<testsuite hostname="DESKTOP-BKCA13N" failures="0" tests="2" name="ecommercetesting.tests.LandingPageTest" time="8.500" errors="0" timestamp="2025-03-11T11:29:54 IST" skipped="0">
  <testcase classname="ecommercetesting.tests.LandingPageTest" name="testSubscription" time="4.335"/>
  <system-out/>
  <testcase classname="ecommercetesting.tests.LandingPageTest" name="testHomePageVisible" time="4.165"/>
  <system-out/>
</testsuite> <!-- ecommercetesting.tests.LandingPageTest -->
