<?xml version="1.0" encoding="UTF-8"?>
<!-- Generated by org.testng.reporters.JUnitReportReporter -->
<testsuite hostname="DESKTOP-BKCA13N" failures="0" tests="3" name="com.ecommerceTesting.tests.SignupTest" time="67.077" errors="0" timestamp="2025-03-13T13:00:16 IST" skipped="0">
  <testcase classname="com.ecommerceTesting.tests.SignupTest" name="AccountCreationTest" time="40.246"/>
  <testcase classname="com.ecommerceTesting.tests.SignupTest" name="verifyHomePage" time="11.494"/>
  <testcase classname="com.ecommerceTesting.tests.SignupTest" name="testSignupWithExistingEmail" time="15.337"/>
</testsuite> <!-- com.ecommerceTesting.tests.SignupTest -->
