<?xml version="1.0" encoding="UTF-8"?>
<!-- Generated by org.testng.reporters.JUnitReportReporter -->
<testsuite hostname="DESKTOP-BKCA13N" failures="0" tests="1" name="com.ecommerceTesting.tests.ContactUsTest" time="27.978" errors="0" timestamp="2025-03-13T13:00:16 IST" skipped="0">
  <testcase classname="com.ecommerceTesting.tests.ContactUsTest" name="testContactUs" time="27.978"/>
</testsuite> <!-- com.ecommerceTesting.tests.ContactUsTest -->
