<?xml version="1.0" encoding="UTF-8"?>
<!-- Generated by org.testng.reporters.JUnitReportReporter -->
<testsuite hostname="DESKTOP-BKCA13N" failures="0" tests="5" name="com.ecommerceTesting.tests.LoginTest" time="55.137" errors="0" timestamp="2025-03-13T19:32:39 IST" skipped="1">
  <testcase classname="com.ecommerceTesting.tests.LoginTest" name="testValidLogin" time="16.441"/>
  <testcase classname="com.ecommerceTesting.tests.LoginTest" name="testValidLogin" time="13.550"/>
  <testcase classname="com.ecommerceTesting.tests.LoginTest" name="testInvalidLogin" time="10.447"/>
  <testcase classname="com.ecommerceTesting.tests.LoginTest" name="logOutUser" time="14.699"/>
  <testcase classname="com.ecommerceTesting.tests.LoginTest" name="testDeleteUser">
    <skipped/>
  </testcase> <!-- testDeleteUser -->
</testsuite> <!-- com.ecommerceTesting.tests.LoginTest -->
