<?xml version="1.0" encoding="UTF-8"?>
<!-- Generated by org.testng.reporters.JUnitReportReporter -->
<testsuite hostname="DESKTOP-BKCA13N" failures="0" tests="3" name="com.ecommerceTesting.tests.SignupTest" time="63.870" errors="0" timestamp="2025-03-13T12:15:01 IST" skipped="0">
  <testcase classname="com.ecommerceTesting.tests.SignupTest" name="testSignupWithExistingEmail" time="11.422"/>
  <testcase classname="com.ecommerceTesting.tests.SignupTest" name="AccountCreationTest" time="40.773"/>
  <testcase classname="com.ecommerceTesting.tests.SignupTest" name="verifyHomePage" time="11.675"/>
</testsuite> <!-- com.ecommerceTesting.tests.SignupTest -->
