<?xml version="1.0" encoding="UTF-8"?>
<!-- Generated by org.testng.reporters.JUnitReportReporter -->
<testsuite hostname="DESKTOP-BKCA13N" failures="0" tests="3" name="ecommercetesting.tests.SignupTest" time="30.101" errors="0" timestamp="2025-03-11T11:29:54 IST" skipped="0">
  <testcase classname="ecommercetesting.tests.SignupTest" name="verifyHomePage" time="4.174"/>
  <system-out/>
  <testcase classname="ecommercetesting.tests.SignupTest" name="testSignupWithExistingEmail" time="9.152"/>
  <system-out/>
  <testcase classname="ecommercetesting.tests.SignupTest" name="AccountCreationTest" time="16.775"/>
  <system-out/>
</testsuite> <!-- ecommercetesting.tests.SignupTest -->
