<?xml version="1.0" encoding="UTF-8"?>
<!-- Generated by org.testng.reporters.JUnitReportReporter -->
<testsuite hostname="DESKTOP-BKCA13N" failures="0" tests="5" name="com.ecommerceTesting.tests.LoginTest" time="64.957" errors="0" timestamp="2025-03-13T12:15:01 IST" skipped="1">
  <testcase classname="com.ecommerceTesting.tests.LoginTest" name="testValidLogin" time="16.039"/>
  <testcase classname="com.ecommerceTesting.tests.LoginTest" name="testValidLogin" time="12.031"/>
  <testcase classname="com.ecommerceTesting.tests.LoginTest" name="testInvalidLogin" time="14.623"/>
  <testcase classname="com.ecommerceTesting.tests.LoginTest" name="logOutUser" time="22.264"/>
  <testcase classname="com.ecommerceTesting.tests.LoginTest" name="testDeleteUser">
    <skipped/>
  </testcase> <!-- testDeleteUser -->
</testsuite> <!-- com.ecommerceTesting.tests.LoginTest -->
