<?xml version="1.0" encoding="UTF-8"?>
<!-- Generated by org.testng.reporters.JUnitReportReporter -->
<testsuite hostname="DESKTOP-BKCA13N" failures="0" tests="2" name="ecommercetesting.tests.CheckOutTest" time="56.449" errors="0" timestamp="2025-03-11T11:29:54 IST" skipped="0">
  <testcase classname="ecommercetesting.tests.CheckOutTest" name="testCheckout" time="27.223"/>
  <system-out/>
  <testcase classname="ecommercetesting.tests.CheckOutTest" name="testCheckout" time="29.226"/>
  <system-out/>
</testsuite> <!-- ecommercetesting.tests.CheckOutTest -->
