<?xml version="1.0" encoding="UTF-8"?>
<!-- Generated by org.testng.reporters.JUnitReportReporter -->
<testsuite hostname="DESKTOP-BKCA13N" failures="0" tests="2" name="com.ecommerceTesting.tests.CheckOutTest" time="75.416" errors="0" timestamp="2025-03-13T13:00:16 IST" skipped="0">
  <testcase classname="com.ecommerceTesting.tests.CheckOutTest" name="testCheckout" time="46.070"/>
  <testcase classname="com.ecommerceTesting.tests.CheckOutTest" name="testCheckout" time="29.346"/>
</testsuite> <!-- com.ecommerceTesting.tests.CheckOutTest -->
