<?xml version="1.0" encoding="UTF-8"?>
<!-- Generated by org.testng.reporters.JUnitReportReporter -->
<testsuite hostname="DESKTOP-BKCA13N" failures="0" tests="2" name="com.ecommerceTesting.tests.CartTest" time="32.722" errors="0" timestamp="2025-03-13T12:15:01 IST" skipped="0">
  <testcase classname="com.ecommerceTesting.tests.CartTest" name="testAddToCart" time="16.873"/>
  <testcase classname="com.ecommerceTesting.tests.CartTest" name="verifyCart" time="15.849"/>
</testsuite> <!-- com.ecommerceTesting.tests.CartTest -->
