<?xml version="1.0" encoding="UTF-8"?>
<!-- Generated by org.testng.reporters.JUnitReportReporter -->
<testsuite hostname="DESKTOP-BKCA13N" failures="0" tests="5" name="ecommercetesting.tests.LoginTest" time="42.077" errors="0" timestamp="2025-03-11T11:29:54 IST" skipped="1">
  <testcase classname="ecommercetesting.tests.LoginTest" name="testValidLogin" time="10.052"/>
  <system-out/>
  <testcase classname="ecommercetesting.tests.LoginTest" name="testValidLogin" time="9.582"/>
  <system-out/>
  <testcase classname="ecommercetesting.tests.LoginTest" name="testInvalidLogin" time="9.223"/>
  <system-out/>
  <testcase classname="ecommercetesting.tests.LoginTest" name="logOutUser" time="13.220"/>
  <system-out/>
  <testcase classname="ecommercetesting.tests.LoginTest" name="testDeleteUser">
    <skipped/>
  </testcase> <!-- testDeleteUser -->
  <system-out/>
</testsuite> <!-- ecommercetesting.tests.LoginTest -->
