<?xml version="1.0" encoding="UTF-8"?>
<!-- Generated by org.testng.reporters.JUnitReportReporter -->
<testsuite hostname="DESKTOP-BKCA13N" failures="0" tests="2" name="com.ecommerceTesting.tests.ProductTest" time="50.744" errors="0" timestamp="2025-03-13T13:00:16 IST" skipped="0">
  <testcase classname="com.ecommerceTesting.tests.ProductTest" name="verifyProductDetails" time="29.332"/>
  <testcase classname="com.ecommerceTesting.tests.ProductTest" name="verifySearchedProduct" time="21.412"/>
</testsuite> <!-- com.ecommerceTesting.tests.ProductTest -->
