<?xml version="1.0" encoding="UTF-8"?>
<!-- Generated by org.testng.reporters.JUnitReportReporter -->
<testsuite hostname="DESKTOP-BKCA13N" failures="0" tests="2" name="com.ecommerceTesting.tests.ProductTest" time="38.542" errors="0" timestamp="2025-03-13T12:15:01 IST" skipped="0">
  <testcase classname="com.ecommerceTesting.tests.ProductTest" name="verifySearchedProduct" time="11.570"/>
  <testcase classname="com.ecommerceTesting.tests.ProductTest" name="verifyProductDetails" time="26.972"/>
</testsuite> <!-- com.ecommerceTesting.tests.ProductTest -->
