<?xml version="1.0" encoding="UTF-8"?>
<!-- Generated by org.testng.reporters.JUnitReportReporter -->
<testsuite hostname="DESKTOP-BKCA13N" failures="0" tests="2" name="com.ecommerceTesting.tests.LandingPageTest" time="22.707" errors="0" timestamp="2025-03-13T12:15:01 IST" skipped="0">
  <testcase classname="com.ecommerceTesting.tests.LandingPageTest" name="testSubscription" time="7.933"/>
  <testcase classname="com.ecommerceTesting.tests.LandingPageTest" name="testHomePageVisible" time="14.774"/>
</testsuite> <!-- com.ecommerceTesting.tests.LandingPageTest -->
