<?xml version="1.0" encoding="UTF-8"?>
<!-- Generated by org.testng.reporters.JUnitReportReporter -->
<testsuite hostname="DESKTOP-BKCA13N" failures="0" tests="5" name="com.ecommerceTesting.tests.LoginTest" time="78.383" errors="0" timestamp="2025-03-13T13:00:16 IST" skipped="1">
  <testcase classname="com.ecommerceTesting.tests.LoginTest" name="testValidLogin" time="23.859"/>
  <testcase classname="com.ecommerceTesting.tests.LoginTest" name="testValidLogin" time="19.917"/>
  <testcase classname="com.ecommerceTesting.tests.LoginTest" name="testInvalidLogin" time="11.558"/>
  <testcase classname="com.ecommerceTesting.tests.LoginTest" name="logOutUser" time="23.049"/>
  <testcase classname="com.ecommerceTesting.tests.LoginTest" name="testDeleteUser">
    <skipped/>
  </testcase> <!-- testDeleteUser -->
</testsuite> <!-- com.ecommerceTesting.tests.LoginTest -->
