<?xml version="1.0" encoding="UTF-8"?>
<!-- Generated by org.testng.reporters.JUnitReportReporter -->
<testsuite hostname="DESKTOP-BKCA13N" failures="0" tests="1" name="com.ecommerceTesting.tests.ContactUsTest" time="24.042" errors="0" timestamp="2025-03-13T12:15:01 IST" skipped="0">
  <testcase classname="com.ecommerceTesting.tests.ContactUsTest" name="testContactUs" time="24.042"/>
</testsuite> <!-- com.ecommerceTesting.tests.ContactUsTest -->
