<?xml version="1.0" encoding="UTF-8"?>
<!-- Generated by org.testng.reporters.JUnitReportReporter -->
<testsuite hostname="DESKTOP-BKCA13N" failures="0" tests="2" name="ecommercetesting.tests.productTest" time="22.348" errors="0" timestamp="2025-03-11T11:29:54 IST" skipped="0">
  <testcase classname="ecommercetesting.tests.productTest" name="verifySearchedProduct" time="9.693"/>
  <system-out/>
  <testcase classname="ecommercetesting.tests.productTest" name="verifyProductDetails" time="12.655"/>
  <system-out/>
</testsuite> <!-- ecommercetesting.tests.productTest -->
